[7208][1584515796738][shell][info]["EventBus~initialize - Success"]
[7208][1584515796762][shell][info]["bootShellCrashReporter~ Success"]
[7208][1584515796764][shell][info]["shellController~init: Success"]
[7208][1584515796764][shell][info]["shellMeta~init: Success"]
[7208][1584515796790][shell][info]["init~setViewAttributes - Initializing view with opts:",{"devtools":false,"id":2,"startTime":1584515795966,"type":"shared","partitionId":"default"}]
[7208][1584515796791][shell][info]["init~setViewAttributes - Success"]
[7208][1584515803628][shell][info]["EventBus~initialize - Success"]
[7208][1584515803638][shell][info]["bootShellCrashReporter~ Success"]
[7208][1584515803640][shell][info]["shellController~init: Success"]
[7208][1584515803641][shell][info]["shellMeta~init: Success"]
[7208][1584515803648][shell][info]["init~setViewAttributes - Initializing view with opts:",{"allIds":[4],"devtools":false,"id":4,"primaryId":4,"startTime":1584515803420,"type":"requester","partitionId":"default"}]
[7208][1584515803650][shell][info]["init~setViewAttributes - Success"]
[3861][1584587743992][shell][info]["EventBus~initialize - Success"]
[3861][1584587744019][shell][info]["bootShellCrashReporter~ Success"]
[3861][1584587744021][shell][info]["shellController~init: Success"]
[3861][1584587744021][shell][info]["shellMeta~init: Success"]
[3861][1584587744055][shell][info]["init~setViewAttributes - Initializing view with opts:",{"devtools":false,"id":2,"startTime":1584587740492,"type":"shared","partitionId":"default"}]
[3861][1584587744057][shell][info]["init~setViewAttributes - Success"]
[3861][1584587750622][shell][info]["EventBus~initialize - Success"]
[3861][1584587750631][shell][info]["bootShellCrashReporter~ Success"]
[3861][1584587750634][shell][info]["shellController~init: Success"]
[3861][1584587750634][shell][info]["shellMeta~init: Success"]
[3861][1584587750644][shell][info]["init~setViewAttributes - Initializing view with opts:",{"allIds":[3],"devtools":false,"id":3,"primaryId":3,"startTime":1584587750044,"type":"requester","partitionId":"default"}]
[3861][1584587750646][shell][info]["init~setViewAttributes - Success"]
