[7208][1584515808544][requester][info]["EventBus~initialize - Success"]
[7208][1584515808562][requester][info]["Messaging~boot - Success"]
[7208][1584515808715][requester][info]["bootCrashReporter~ Success"]
[7208][1584515808726][requester][info]["Telemetry~boot - Success"]
[7208][1584515808733][requester][info]["bootConfigurations~initialize - Success"]
[7208][1584515808787][requester][info]["Settings~boot - Success"]
[7208][1584515809185][requester][info]["bootstrapModels - Success"]
[7208][1584515809187][requester][info]["WLModels~boot - Success"]
[7208][1584515809376][requester][info]["Session~boot - Success"]
[7208][1584515809378][requester][info]["IndependentServices~boot - Success"]
[7208][1584515809390][requester][info]["AppModels~boot - Success"]
[7208][1584515809390][requester][info]["RuntimeListeners~boot- Success"]
[7208][1584515809390][requester][info]["DBWatcher~boot - Success"]
[7208][1584515809392][requester][info]["ThemeManager~boot - Success"]
[7208][1584515809392][requester][info]["Store~boot - Success"]
[7208][1584515809394][requester][info]["Shortcuts~boot - Success"]
[7208][1584515809394][requester][info]["SyncProxy~boot - Success"]
[7208][1584515809399][requester][info]["NewConsole~boot - Success"]
[7208][1584515809399][requester][info]["APIDevInterface~boot - Success"]
[7208][1584515809400][requester][info]["Updater bailed! Running on Snap!"]
[7208][1584515809405][requester][info]["Requester~boot - Success"]
[7208][1584515809406][requester][info]["booted - requester"]
[7208][1584515810620][requester][info]["SessionValidation - Registering listener"]
[7208][1584515810640][requester][warn]["FeatureFlagsStore~updateFlags: Could not find feature flags",{"error":{"message":"SyncRequestService\\x7erequestListener: Could not fetch from sync. Socket not connected."}}]
[7208][1584515992433][requester][warn]["Failed to subscribe to workspace for all APIs",{"name":"Error","message":"","stack":"Error\n    at SafeSubscriber.realtimeRequest$.pipe.subscribe.event [as _next] (file:///snap/postman/101/usr/share/Postman/resources/app/js/vendor-shared.js:471138:24)\n    at SafeSubscriber.__tryOrUnsub (file:///snap/postman/101/usr/share/Postman/resources/app/js/vendor-shared.js:41961:16)\n    at SafeSubscriber.next (file:///snap/postman/101/usr/share/Postman/resources/app/js/vendor-shared.js:41899:22)\n    at Subscriber._next (file:///snap/postman/101/usr/share/Postman/resources/app/js/vendor-shared.js:41842:26)\n    at Subscriber.next (file:///snap/postman/101/usr/share/Postman/resources/app/js/vendor-shared.js:41819:18)\n    at FilterSubscriber._next (file:///snap/postman/101/usr/share/Postman/resources/app/js/vendor-shared.js:150087:30)\n    at FilterSubscriber.Subscriber.next (file:///snap/postman/101/usr/share/Postman/resources/app/js/vendor-shared.js:41819:18)\n    at RefCountSubscriber.Subscriber._next (file:///snap/postman/101/usr/share/Postman/resources/app/js/vendor-shared.js:41842:26)\n    at RefCountSubscriber.Subscriber.next (file:///snap/postman/101/usr/share/Postman/resources/app/js/vendor-shared.js:41819:18)\n    at Subject.next (file:///snap/postman/101/usr/share/Postman/resources/app/js/vendor-shared.js:77570:25)\n    at ConnectableSubscriber.Subscriber._next (file:///snap/postman/101/usr/share/Postman/resources/app/js/vendor-shared.js:41842:26)\n    at ConnectableSubscriber.Subscriber.next (file:///snap/postman/101/usr/share/Postman/resources/app/js/vendor-shared.js:41819:18)\n    at EventEmitter.realtimeRequestBus.subscribe.event (file:///snap/postman/101/usr/share/Postman/resources/app/js/vendor-shared.js:471085:14)\n    at EventEmitter.emit (file:///snap/postman/101/usr/share/Postman/resources/app/js/vendor-shared.js:50143:5)\n    at _dispatch (file:///snap/postman/101/usr/share/Postman/resources/app/js/vendor-shared.js:148334:14)\n    at EventEmitter.<anonymous> (file:///snap/postman/101/usr/share/Postman/resources/app/js/vendor-shared.js:148344:9)\n    at EventEmitter.emit (events.js:182:13)"}]
[7208][1584515992467][requester][warn]["APIDevService~getAPIs: Failed to get APIs.",{"error":{"message":"SyncRequestService\\x7erequestListener: Could not fetch from sync. Socket not connected."}}]
[7208][1584515992470][requester][warn]["Failed to refresh API List",{"error":{"message":"SyncRequestService\\x7erequestListener: Could not fetch from sync. Socket not connected."}}]
[7208][1584515993630][requester][warn]["FeatureFlagsStore~updateFlags: Could not find feature flags",{"error":{"message":"SyncRequestService\\x7erequestListener: Could not fetch from sync. Socket not connected."}}]
[7208][1584522534875][requester][warn]["APIDevInterface~getAPIForModel: There is no API linked to the model"]
[7208][1584522555749][requester][warn]["APIDevInterface~getAPIForModel: There is no API linked to the model"]
[7208][1584522566710][requester][warn]["APIDevInterface~getAPIForModel: There is no API linked to the model"]
[7208][1584523616010][requester][warn]["APIDevInterface~getAPIForModel: There is no API linked to the model"]
[7208][1584523640715][requester][warn]["APIDevInterface~getAPIForModel: There is no API linked to the model"]
[7208][1584523823746][requester][warn]["APIDevInterface~getAPIForModel: There is no API linked to the model"]
[7208][1584523857127][requester][warn]["APIDevInterface~getAPIForModel: There is no API linked to the model"]
[7208][1584523875906][requester][warn]["APIDevInterface~getAPIForModel: There is no API linked to the model"]
[7208][1584523887768][requester][warn]["APIDevInterface~getAPIForModel: There is no API linked to the model"]
[7208][1584523914135][requester][warn]["APIDevInterface~getAPIForModel: There is no API linked to the model"]
[7208][1584524022390][requester][warn]["APIDevInterface~getAPIForModel: There is no API linked to the model"]
[7208][1584524111567][requester][warn]["APIDevInterface~getAPIForModel: There is no API linked to the model"]
[7208][1584524125263][requester][warn]["APIDevInterface~getAPIForModel: There is no API linked to the model"]
[7208][1584524386868][requester][warn]["APIDevInterface~getAPIForModel: There is no API linked to the model"]
[7208][1584524397045][requester][warn]["APIDevInterface~getAPIForModel: There is no API linked to the model"]
[7208][1584524428137][requester][warn]["APIDevInterface~getAPIForModel: There is no API linked to the model"]
[7208][1584524455385][requester][warn]["APIDevInterface~getAPIForModel: There is no API linked to the model"]
[7208][1584524465642][requester][warn]["APIDevInterface~getAPIForModel: There is no API linked to the model"]
[7208][1584524499575][requester][warn]["APIDevInterface~getAPIForModel: There is no API linked to the model"]
[7208][1584525176732][requester][warn]["APIDevInterface~getAPIForModel: There is no API linked to the model"]
[7208][1584525205015][requester][warn]["APIDevInterface~getAPIForModel: There is no API linked to the model"]
[3861][1584587751948][requester][info]["EventBus~initialize - Success"]
[3861][1584587751949][requester][info]["Messaging~boot - Success"]
[3861][1584587751976][requester][info]["bootCrashReporter~ Success"]
[3861][1584587751978][requester][info]["Telemetry~boot - Success"]
[3861][1584587751979][requester][info]["bootConfigurations~initialize - Success"]
[3861][1584587751981][requester][info]["Settings~boot - Success"]
[3861][1584587752037][requester][warn]["Error in fetching user information",{"name":"Error","message":"Could not get waterline model for user. ORM not initialized.","stack":"Error: Could not get waterline model for user. ORM not initialized.\n    at Object.getModel (file:///snap/postman/101/usr/share/Postman/resources/app/js/vendor-shared.js:50613:29)\n    at Object.findOne (file:///snap/postman/101/usr/share/Postman/resources/app/js/vendor-shared.js:50675:5)\n    at Object.get (file:///snap/postman/101/usr/share/Postman/resources/app/js/vendor-shared.js:61664:84)\n    at sentry.configureScope.scope (file:///snap/postman/101/usr/share/Postman/resources/app/js/vendor-shared.js:678284:7)\n    at Hub.configureScope (file:///snap/postman/101/usr/share/Postman/resources/app/js/vendor-shared.js:233216:13)\n    at callOnHub (file:///snap/postman/101/usr/share/Postman/resources/app/js/vendor-shared.js:232803:28)\n    at Object.configureScope (file:///snap/postman/101/usr/share/Postman/resources/app/js/vendor-shared.js:232875:5)\n    at Object.setUserScope (file:///snap/postman/101/usr/share/Postman/resources/app/js/vendor-shared.js:678282:17)\n    at Object (file:///snap/postman/101/usr/share/Postman/resources/app/js/vendor-shared.js:678197:134)\n    at processEvent (file:///snap/postman/101/usr/share/Postman/resources/app/js/vendor-shared.js:17392:12)\n    at file:///snap/postman/101/usr/share/Postman/resources/app/js/vendor-shared.js:17402:14\n    at sentryWrapped (file:///snap/postman/101/usr/share/Postman/resources/app/js/vendor-shared.js:231374:27)"}]
[3861][1584587752048][requester][info]["bootstrapModels - Success"]
[3861][1584587752048][requester][info]["WLModels~boot - Success"]
[3861][1584587752078][requester][info]["Session~boot - Success"]
[3861][1584587752081][requester][info]["IndependentServices~boot - Success"]
[3861][1584587752095][requester][info]["AppModels~boot - Success"]
[3861][1584587752095][requester][info]["RuntimeListeners~boot- Success"]
[3861][1584587752095][requester][info]["DBWatcher~boot - Success"]
[3861][1584587752097][requester][info]["ThemeManager~boot - Success"]
[3861][1584587752098][requester][info]["Store~boot - Success"]
[3861][1584587752100][requester][info]["Shortcuts~boot - Success"]
[3861][1584587752100][requester][info]["SyncProxy~boot - Success"]
[3861][1584587752109][requester][info]["NewConsole~boot - Success"]
[3861][1584587752110][requester][info]["APIDevInterface~boot - Success"]
[3861][1584587752111][requester][info]["Updater bailed! Running on Snap!"]
[3861][1584587752118][requester][info]["Requester~boot - Success"]
[3861][1584587752118][requester][info]["booted - requester"]
[3861][1584587758531][requester][info]["SessionValidation - Registering listener"]
[3861][1584587770632][requester][warn]["APIDevInterface~getAPIForModel: There is no API linked to the model"]
[3861][1584587984029][requester][warn]["APIDevInterface~getAPIForModel: There is no API linked to the model"]
[3861][1584588160398][requester][warn]["APIDevInterface~getAPIForModel: There is no API linked to the model"]
[3861][1584588512222][requester][warn]["APIDevInterface~getAPIForModel: There is no API linked to the model"]
[3861][1584600109141][requester][warn]["APIDevInterface~getAPIForModel: There is no API linked to the model"]
